<?xml version="1.0" encoding="UTF-8"?>
<!-- Generated by org.testng.reporters.JUnitReportReporter -->
<testsuite hostname="LAPTOP-9KV9NUUF" failures="0" tests="1" name="testCases.QA_LegendTestCases" time="6.800" errors="0" timestamp="2024-02-10T16:23:58 IST" skipped="0">
  <testcase classname="testCases.QA_LegendTestCases" name="addMember" time="6.800"/>
  <system-out/>
</testsuite> <!-- testCases.QA_LegendTestCases -->
